<?xml version="1.0" encoding="UTF-8"?>
<!-- Generated by org.testng.reporters.JUnitReportReporter -->
<testsuite hostname="DESKTOP-JE2TPP7" failures="0" tests="3" name="TestNG.Ex11_grouping1" time="0.005" errors="0" timestamp="2023-06-16T00:07:25 IST" skipped="0">
  <testcase classname="TestNG.Ex11_grouping1" name="TC3" time="0.003"/>
  <system-out>
    <![CDATA[Runninhg TC3]]>
  </system-out>
  <testcase classname="TestNG.Ex11_grouping1" name="TC2" time="0.001"/>
  <system-out>
    <![CDATA[Runninhg TC2]]>
  </system-out>
  <testcase classname="TestNG.Ex11_grouping1" name="TC1" time="0.001"/>
  <system-out>
    <![CDATA[Runninhg TC1]]>
  </system-out>
</testsuite> <!-- TestNG.Ex11_grouping1 -->
