<?xml version="1.0" encoding="UTF-8"?>
<!-- Generated by org.testng.reporters.JUnitReportReporter -->
<testsuite hostname="DESKTOP-JE2TPP7" failures="0" tests="3" name="TestNG.Ex9_DisableTestExecutionFrom_TestSuite" time="0.017" errors="0" timestamp="2023-06-14T23:18:41 IST" skipped="0">
  <testcase classname="TestNG.Ex9_DisableTestExecutionFrom_TestSuite" name="TC3" time="0.003"/>
  <system-out>
    <![CDATA[Running TC3]]>
  </system-out>
  <testcase classname="TestNG.Ex9_DisableTestExecutionFrom_TestSuite" name="TC1" time="0.010"/>
  <system-out>
    <![CDATA[Running TC1]]>
  </system-out>
  <testcase classname="TestNG.Ex9_DisableTestExecutionFrom_TestSuite" name="TC2" time="0.004"/>
  <system-out>
    <![CDATA[Running TC2]]>
  </system-out>
</testsuite> <!-- TestNG.Ex9_DisableTestExecutionFrom_TestSuite -->
