<?xml version="1.0" encoding="UTF-8"?>
<!-- Generated by org.testng.reporters.JUnitReportReporter -->
<testsuite hostname="DESKTOP-JE2TPP7" failures="0" tests="3" name="TestNG.Ex9_DisableTestExecutionFrom_TestSuite" time="0.086" errors="0" timestamp="2023-06-25T15:03:22 IST" skipped="0">
  <testcase classname="TestNG.Ex9_DisableTestExecutionFrom_TestSuite" name="TC1" time="0.052"/>
  <system-out>
    <![CDATA[Running TC1]]>
  </system-out>
  <testcase classname="TestNG.Ex9_DisableTestExecutionFrom_TestSuite" name="TC3" time="0.022"/>
  <system-out>
    <![CDATA[Running TC3]]>
  </system-out>
  <testcase classname="TestNG.Ex9_DisableTestExecutionFrom_TestSuite" name="TC2" time="0.012"/>
  <system-out>
    <![CDATA[Running TC2]]>
  </system-out>
</testsuite> <!-- TestNG.Ex9_DisableTestExecutionFrom_TestSuite -->
