<?xml version="1.0" encoding="UTF-8"?>
<!-- Generated by org.testng.reporters.JUnitReportReporter -->
<testsuite hostname="DESKTOP-JE2TPP7" failures="0" tests="1" name="POM_DDF_TestNG_BaseClass_UtilityClass.PBLoginTest1" time="11.530" errors="0" timestamp="2023-06-24T15:31:28 IST" skipped="0">
  <testcase classname="POM_DDF_TestNG_BaseClass_UtilityClass.PBLoginTest1" name="VerifyFullName" time="11.530"/>
  <system-out/>
</testsuite> <!-- POM_DDF_TestNG_BaseClass_UtilityClass.PBLoginTest1 -->
