<?xml version="1.0" encoding="UTF-8"?>
<!-- Generated by org.testng.reporters.JUnitReportReporter -->
<testsuite hostname="DESKTOP-JE2TPP7" failures="0" tests="3" name="TestNG.Ex5_TestNGKeyword5_dependsOnMethod2" time="0.014" errors="0" timestamp="2023-07-19T15:45:17 IST" skipped="0">
  <testcase classname="TestNG.Ex5_TestNGKeyword5_dependsOnMethod2" name="Login2" time="0.001"/>
  <system-out>
    <![CDATA[Running login2 TC]]>
  </system-out>
  <testcase classname="TestNG.Ex5_TestNGKeyword5_dependsOnMethod2" name="Login1" time="0.011"/>
  <system-out>
    <![CDATA[Running login1 TC]]>
  </system-out>
  <testcase classname="TestNG.Ex5_TestNGKeyword5_dependsOnMethod2" name="Logout" time="0.002"/>
  <system-out>
    <![CDATA[Running logout TC]]>
  </system-out>
</testsuite> <!-- TestNG.Ex5_TestNGKeyword5_dependsOnMethod2 -->
