<?xml version="1.0" encoding="UTF-8"?>
<!-- Generated by org.testng.reporters.JUnitReportReporter -->
<testsuite hostname="DESKTOP-JE2TPP7" failures="0" tests="2" name="TestNG_practice.Emailable_report" time="0.010" errors="0" timestamp="2023-06-10T14:53:22 IST" skipped="0">
  <testcase classname="TestNG_practice.Emailable_report" name="TC1" time="0.009"/>
  <system-out>
    <![CDATA[Running TC1]]>
  </system-out>
  <testcase classname="TestNG_practice.Emailable_report" name="TC2" time="0.001"/>
  <system-out>
    <![CDATA[Running TC2]]>
  </system-out>
</testsuite> <!-- TestNG_practice.Emailable_report -->
