<?xml version="1.0" encoding="UTF-8"?>
<!-- Generated by org.testng.reporters.JUnitReportReporter -->
<testsuite hostname="DESKTOP-JE2TPP7" failures="0" tests="2" name="TestNG.Ex10_FailedXML" time="0.010" errors="0" timestamp="2023-06-14T23:31:29 IST" skipped="0">
  <testcase classname="TestNG.Ex10_FailedXML" name="TC4" time="0.009"/>
  <system-out>
    <![CDATA[Running TC4]]>
  </system-out>
  <testcase classname="TestNG.Ex10_FailedXML" name="TC5" time="0.001"/>
  <system-out>
    <![CDATA[Running TC5]]>
  </system-out>
</testsuite> <!-- TestNG.Ex10_FailedXML -->
