<?xml version="1.0" encoding="UTF-8"?>
<!-- Generated by org.testng.reporters.JUnitReportReporter -->
<testsuite hostname="DESKTOP-JE2TPP7" failures="0" tests="1" name="BaseClass_UtilityClass.PBLoginTest1" time="9.760" errors="0" timestamp="2023-06-19T22:59:34 IST" skipped="0">
  <testcase classname="BaseClass_UtilityClass.PBLoginTest1" name="VerifyFullName" time="9.760"/>
  <system-out/>
</testsuite> <!-- BaseClass_UtilityClass.PBLoginTest1 -->
