<?xml version="1.0" encoding="UTF-8"?>
<!-- Generated by org.testng.reporters.JUnitReportReporter -->
<testsuite hostname="DESKTOP-JE2TPP7" failures="0" tests="1" name="TestNG.Ex2_TestNgTestClass" time="11.359" errors="0" timestamp="2023-06-05T23:20:14 IST" skipped="0">
  <testcase classname="TestNG.Ex2_TestNgTestClass" name="m1" time="11.359"/>
  <system-out/>
</testsuite> <!-- TestNG.Ex2_TestNgTestClass -->
