<?xml version="1.0" encoding="UTF-8"?>
<!-- Generated by org.testng.reporters.JUnitReportReporter -->
<testsuite hostname="DESKTOP-JE2TPP7" failures="0" tests="5" name="TestNG.Ex5_TestNGKeyword_InvocationCount" time="0.020" errors="0" timestamp="2023-06-06T22:59:31 IST" skipped="0">
  <testcase classname="TestNG.Ex5_TestNGKeyword_InvocationCount" name="VerifyFullName1" time="0.001"/>
  <system-out>
    <![CDATA[Verify full name1 TC test case]]>
  </system-out>
  <testcase classname="TestNG.Ex5_TestNGKeyword_InvocationCount" name="VerifyFullName1" time="0.005"/>
  <system-out>
    <![CDATA[Verify full name1 TC test case]]>
  </system-out>
  <testcase classname="TestNG.Ex5_TestNGKeyword_InvocationCount" name="VerifyFullName1" time="0.003"/>
  <system-out>
    <![CDATA[Verify full name1 TC test case]]>
  </system-out>
  <testcase classname="TestNG.Ex5_TestNGKeyword_InvocationCount" name="VerifyFullName1" time="0.009"/>
  <system-out>
    <![CDATA[Verify full name1 TC test case]]>
  </system-out>
  <testcase classname="TestNG.Ex5_TestNGKeyword_InvocationCount" name="VerifyFullName1" time="0.002"/>
  <system-out>
    <![CDATA[Verify full name1 TC test case]]>
  </system-out>
</testsuite> <!-- TestNG.Ex5_TestNGKeyword_InvocationCount -->
