<?xml version="1.0" encoding="UTF-8"?>
<!-- Generated by org.testng.reporters.JUnitReportReporter -->
<testsuite hostname="DESKTOP-JE2TPP7" failures="0" tests="1" name="TestNG_practice.Sample7" time="0.010" errors="0" timestamp="2023-06-14T15:56:24 IST" skipped="0">
  <testcase classname="TestNG_practice.Sample7" name="TC1" time="0.010"/>
  <system-out/>
</testsuite> <!-- TestNG_practice.Sample7 -->
