<?xml version="1.0" encoding="UTF-8"?>
<!-- Generated by org.testng.reporters.JUnitReportReporter -->
<testsuite hostname="DESKTOP-JE2TPP7" failures="0" tests="7" name="TestNG_practice.Ex5_TestNGKeyword1_invocationCount" time="0.021" errors="0" timestamp="2023-06-07T14:43:00 IST" skipped="0">
  <testcase classname="TestNG_practice.Ex5_TestNGKeyword1_invocationCount" name="TC1" time="0.004"/>
  <system-out>
    <![CDATA[Running TC1 Test case]]>
  </system-out>
  <testcase classname="TestNG_practice.Ex5_TestNGKeyword1_invocationCount" name="TC1" time="0.003"/>
  <system-out>
    <![CDATA[Running TC1 Test case]]>
  </system-out>
  <testcase classname="TestNG_practice.Ex5_TestNGKeyword1_invocationCount" name="TC1" time="0.001"/>
  <system-out>
    <![CDATA[Running TC1 Test case]]>
  </system-out>
  <testcase classname="TestNG_practice.Ex5_TestNGKeyword1_invocationCount" name="TC1" time="0.001"/>
  <system-out>
    <![CDATA[Running TC1 Test case]]>
  </system-out>
  <testcase classname="TestNG_practice.Ex5_TestNGKeyword1_invocationCount" name="TC1" time="0.001"/>
  <system-out>
    <![CDATA[Running TC1 Test case]]>
  </system-out>
  <testcase classname="TestNG_practice.Ex5_TestNGKeyword1_invocationCount" name="TC1" time="0.009"/>
  <system-out>
    <![CDATA[Running TC1 Test case]]>
  </system-out>
  <testcase classname="TestNG_practice.Ex5_TestNGKeyword1_invocationCount" name="TC1" time="0.002"/>
  <system-out>
    <![CDATA[Running TC1 Test case]]>
  </system-out>
</testsuite> <!-- TestNG_practice.Ex5_TestNGKeyword1_invocationCount -->
