<?xml version="1.0" encoding="UTF-8"?>
<!-- Generated by org.testng.reporters.JUnitReportReporter -->
<testsuite hostname="DESKTOP-JE2TPP7" failures="0" tests="1" name="TestNG.Ex12_parellel2" time="13.177" errors="0" timestamp="2023-06-25T15:44:59 IST" skipped="0">
  <testcase classname="TestNG.Ex12_parellel2" name="OpenFacebookApp" time="13.177"/>
  <system-out/>
</testsuite> <!-- TestNG.Ex12_parellel2 -->
