<?xml version="1.0" encoding="UTF-8"?>
<!-- Generated by org.testng.reporters.JUnitReportReporter -->
<testsuite hostname="DESKTOP-JE2TPP7" failures="0" tests="3" name="TestNG_Practice2.Ex9_disableTestCaseExe" time="0.009" errors="0" timestamp="2023-06-25T15:18:08 IST" skipped="0">
  <testcase classname="TestNG_Practice2.Ex9_disableTestCaseExe" name="TC3" time="0.001"/>
  <system-out>
    <![CDATA[running TC3]]>
  </system-out>
  <testcase classname="TestNG_Practice2.Ex9_disableTestCaseExe" name="TC2" time="0.001"/>
  <system-out>
    <![CDATA[running TC2]]>
  </system-out>
  <testcase classname="TestNG_Practice2.Ex9_disableTestCaseExe" name="TC1" time="0.007"/>
  <system-out>
    <![CDATA[running TC1]]>
  </system-out>
</testsuite> <!-- TestNG_Practice2.Ex9_disableTestCaseExe -->
