<?xml version="1.0" encoding="UTF-8"?>
<!-- Generated by org.testng.reporters.JUnitReportReporter -->
<testsuite hostname="DESKTOP-JE2TPP7" failures="0" tests="3" name="TestNG_Practice2.Ex10_grouping2" time="0.014" errors="0" timestamp="2023-06-25T15:37:54 IST" skipped="0">
  <testcase classname="TestNG_Practice2.Ex10_grouping2" name="TC2" time="0.010"/>
  <system-out>
    <![CDATA[Runninhg TC2]]>
  </system-out>
  <testcase classname="TestNG_Practice2.Ex10_grouping2" name="TC3" time="0.002"/>
  <system-out>
    <![CDATA[Runninhg TC3]]>
  </system-out>
  <testcase classname="TestNG_Practice2.Ex10_grouping2" name="TC4" time="0.002"/>
  <system-out>
    <![CDATA[Runninhg TC4]]>
  </system-out>
</testsuite> <!-- TestNG_Practice2.Ex10_grouping2 -->
