<?xml version="1.0" encoding="UTF-8"?>
<!-- Generated by org.testng.reporters.JUnitReportReporter -->
<testsuite hostname="DESKTOP-JE2TPP7" failures="0" tests="1" name="TestNG.Ex10_FailedXML" time="0.007" errors="0" timestamp="2023-07-19T16:25:43 IST" skipped="0">
  <testcase classname="TestNG.Ex10_FailedXML" name="TC3" time="0.007"/>
  <system-out>
    <![CDATA[Running TC3]]>
  </system-out>
</testsuite> <!-- TestNG.Ex10_FailedXML -->
