<?xml version="1.0" encoding="UTF-8"?>
<!-- Generated by org.testng.reporters.JUnitReportReporter -->
<testsuite hostname="DESKTOP-JE2TPP7" failures="0" tests="3" name="TestNG_practice.Ex5_TestNGKeyword3_priority" time="0.015" errors="0" timestamp="2023-06-07T14:52:52 IST" skipped="0">
  <testcase classname="TestNG_practice.Ex5_TestNGKeyword3_priority" name="TC4" time="0.009"/>
  <system-out>
    <![CDATA[Running TC4 Test case]]>
  </system-out>
  <testcase classname="TestNG_practice.Ex5_TestNGKeyword3_priority" name="TC1" time="0.003"/>
  <system-out>
    <![CDATA[Running TC1 Test case]]>
  </system-out>
  <testcase classname="TestNG_practice.Ex5_TestNGKeyword3_priority" name="TC3" time="0.003"/>
  <system-out>
    <![CDATA[Running TC3 Test case]]>
  </system-out>
</testsuite> <!-- TestNG_practice.Ex5_TestNGKeyword3_priority -->
