<?xml version="1.0" encoding="UTF-8"?>
<!-- Generated by org.testng.reporters.JUnitReportReporter -->
<testsuite hostname="DESKTOP-JE2TPP7" failures="0" tests="3" name="TestNG.Ex3_EmailableReport" time="0.015" errors="0" timestamp="2023-06-10T19:25:41 IST" skipped="0">
  <testcase classname="TestNG.Ex3_EmailableReport" name="TC1" time="0.010"/>
  <system-out>
    <![CDATA[Running TC1 Test case]]>
  </system-out>
  <testcase classname="TestNG.Ex3_EmailableReport" name="TC2" time="0.001"/>
  <system-out>
    <![CDATA[Running TC2 Test case]]>
  </system-out>
  <testcase classname="TestNG.Ex3_EmailableReport" name="TC3" time="0.004"/>
  <system-out>
    <![CDATA[Running TC3 Test case]]>
  </system-out>
</testsuite> <!-- TestNG.Ex3_EmailableReport -->
