<?xml version="1.0" encoding="UTF-8"?>
<!-- Generated by org.testng.reporters.JUnitReportReporter -->
<testsuite hostname="DESKTOP-JE2TPP7" failures="0" tests="2" name="TestNG_Practice2.Ex2_annotations" time="0.012" errors="0" timestamp="2023-06-24T18:21:09 IST" skipped="0">
  <testcase classname="TestNG_Practice2.Ex2_annotations" name="TC1" time="0.010"/>
  <system-out>
    <![CDATA[running TC1]]>
  </system-out>
  <testcase classname="TestNG_Practice2.Ex2_annotations" name="TC2" time="0.002"/>
  <system-out>
    <![CDATA[running TC2]]>
  </system-out>
</testsuite> <!-- TestNG_Practice2.Ex2_annotations -->
