<?xml version="1.0" encoding="UTF-8"?>
<!-- Generated by org.testng.reporters.JUnitReportReporter -->
<testsuite hostname="DESKTOP-JE2TPP7" failures="0" tests="1" name="POM_DDF_TESTNG.PBLoginTest1" time="9.576" errors="0" timestamp="2023-06-18T20:56:10 IST" skipped="0">
  <testcase classname="POM_DDF_TESTNG.PBLoginTest1" name="VerifyFullName" time="9.576"/>
  <system-out/>
</testsuite> <!-- POM_DDF_TESTNG.PBLoginTest1 -->
