<?xml version="1.0" encoding="UTF-8"?>
<!-- Generated by org.testng.reporters.JUnitReportReporter -->
<testsuite hostname="DESKTOP-JE2TPP7" failures="0" tests="1" name="TestNG_practice.Ex2_TestNGTestClass" time="6.822" errors="0" timestamp="2023-06-07T14:25:58 IST" skipped="0">
  <testcase classname="TestNG_practice.Ex2_TestNGTestClass" name="TC" time="6.822"/>
  <system-out/>
</testsuite> <!-- TestNG_practice.Ex2_TestNGTestClass -->
