<?xml version="1.0" encoding="UTF-8"?>
<!-- Generated by org.testng.reporters.JUnitReportReporter -->
<testsuite hostname="DESKTOP-JE2TPP7" failures="0" tests="4" name="TestNG_Practice2.Ex5_keyword3_priority" time="0.014" errors="0" timestamp="2023-06-24T18:34:02 IST" skipped="0">
  <testcase classname="TestNG_Practice2.Ex5_keyword3_priority" name="TC3" time="0.009"/>
  <system-out>
    <![CDATA[running TC3]]>
  </system-out>
  <testcase classname="TestNG_Practice2.Ex5_keyword3_priority" name="TC4" time="0.002"/>
  <system-out>
    <![CDATA[running TC4]]>
  </system-out>
  <testcase classname="TestNG_Practice2.Ex5_keyword3_priority" name="TC2" time="0.001"/>
  <system-out>
    <![CDATA[running TC2]]>
  </system-out>
  <testcase classname="TestNG_Practice2.Ex5_keyword3_priority" name="TC1" time="0.002"/>
  <system-out>
    <![CDATA[running TC1]]>
  </system-out>
</testsuite> <!-- TestNG_Practice2.Ex5_keyword3_priority -->
