<?xml version="1.0" encoding="UTF-8"?>
<!-- Generated by org.testng.reporters.JUnitReportReporter -->
<testsuite hostname="DESKTOP-JE2TPP7" failures="0" tests="2" name="TestNG_practice.Sample5" time="0.010" errors="0" timestamp="2023-06-14T15:24:36 IST" skipped="0">
  <testcase classname="TestNG_practice.Sample5" name="logout" time="0.002"/>
  <system-out>
    <![CDATA[running logout TC]]>
  </system-out>
  <testcase classname="TestNG_practice.Sample5" name="login" time="0.008"/>
  <system-out>
    <![CDATA[running login TC]]>
  </system-out>
</testsuite> <!-- TestNG_practice.Sample5 -->
