<?xml version="1.0" encoding="UTF-8"?>
<!-- Generated by org.testng.reporters.JUnitReportReporter -->
<testsuite hostname="DESKTOP-JE2TPP7" failures="0" tests="4" name="TestNG_practice.Sample1_InvocationCount" time="0.017" errors="0" timestamp="2023-06-10T15:18:42 IST" skipped="0">
  <testcase classname="TestNG_practice.Sample1_InvocationCount" name="TC3" time="0.011"/>
  <system-out>
    <![CDATA[Running TC3]]>
  </system-out>
  <testcase classname="TestNG_practice.Sample1_InvocationCount" name="TC1" time="0.002"/>
  <system-out>
    <![CDATA[Running TC1]]>
  </system-out>
  <testcase classname="TestNG_practice.Sample1_InvocationCount" name="TC2" time="0.002"/>
  <system-out>
    <![CDATA[Running TC2]]>
  </system-out>
  <testcase classname="TestNG_practice.Sample1_InvocationCount" name="TC4" time="0.002"/>
  <system-out>
    <![CDATA[Running TC4]]>
  </system-out>
</testsuite> <!-- TestNG_practice.Sample1_InvocationCount -->
