<?xml version="1.0" encoding="UTF-8"?>
<!-- Generated by org.testng.reporters.JUnitReportReporter -->
<testsuite hostname="DESKTOP-JE2TPP7" failures="0" tests="4" name="TestNG.Ex8_DisableTestExecutionFromTestClass" time="0.023" errors="0" timestamp="2023-06-14T23:06:57 IST" skipped="1">
  <testcase classname="TestNG.Ex8_DisableTestExecutionFromTestClass" name="TC3" time="0.006"/>
  <system-out>
    <![CDATA[Running TC3]]>
  </system-out>
  <testcase classname="TestNG.Ex8_DisableTestExecutionFromTestClass" name="TC1" time="0.010"/>
  <system-out>
    <![CDATA[Running TC1]]>
  </system-out>
  <testcase classname="TestNG.Ex8_DisableTestExecutionFromTestClass" name="TC2" time="0.007"/>
  <system-out>
    <![CDATA[Running TC2]]>
  </system-out>
  <testcase classname="TestNG.Ex8_DisableTestExecutionFromTestClass" name="TC4">
    <skipped/>
  </testcase> <!-- TC4 -->
  <system-out/>
</testsuite> <!-- TestNG.Ex8_DisableTestExecutionFromTestClass -->
