<?xml version="1.0" encoding="UTF-8"?>
<!-- Generated by org.testng.reporters.JUnitReportReporter -->
<testsuite hostname="DESKTOP-JE2TPP7" failures="0" tests="3" name="TestNG_Practice2.Ex6_keyword4_enableFalse" time="0.012" errors="0" timestamp="2023-06-24T18:35:25 IST" skipped="1">
  <testcase classname="TestNG_Practice2.Ex6_keyword4_enableFalse" name="TC2" time="0.004"/>
  <system-out>
    <![CDATA[running TC2]]>
  </system-out>
  <testcase classname="TestNG_Practice2.Ex6_keyword4_enableFalse" name="TC1" time="0.008"/>
  <system-out>
    <![CDATA[running TC1]]>
  </system-out>
  <testcase classname="TestNG_Practice2.Ex6_keyword4_enableFalse" name="TC3">
    <skipped/>
  </testcase> <!-- TC3 -->
  <system-out/>
</testsuite> <!-- TestNG_Practice2.Ex6_keyword4_enableFalse -->
