<?xml version="1.0" encoding="UTF-8"?>
<!-- Generated by org.testng.reporters.JUnitReportReporter -->
<testsuite hostname="DESKTOP-JE2TPP7" failures="0" tests="2" name="TestNG.Ex4_TestNG_Annotations" time="0.010" errors="0" timestamp="2023-06-25T16:51:49 IST" skipped="0">
  <testcase classname="TestNG.Ex4_TestNG_Annotations" name="VerifyFullName1" time="0.009"/>
  <system-out>
    <![CDATA[Running VerifyFullName1 Test case]]>
  </system-out>
  <testcase classname="TestNG.Ex4_TestNG_Annotations" name="VerifyFullName2" time="0.001"/>
  <system-out>
    <![CDATA[Running VerifyFullName2 Test case]]>
  </system-out>
</testsuite> <!-- TestNG.Ex4_TestNG_Annotations -->
