<?xml version="1.0" encoding="UTF-8"?>
<!-- Generated by org.testng.reporters.JUnitReportReporter -->
<testsuite hostname="DESKTOP-JE2TPP7" failures="0" tests="2" name="TestNG.Ex13_MultiBrowserTesting" time="20.196" errors="0" timestamp="2023-06-18T21:01:40 IST" skipped="0">
  <testcase classname="TestNG.Ex13_MultiBrowserTesting" name="TC1" time="10.401"/>
  <system-out/>
  <testcase classname="TestNG.Ex13_MultiBrowserTesting" name="TC1" time="9.795"/>
  <system-out/>
</testsuite> <!-- TestNG.Ex13_MultiBrowserTesting -->
