<?xml version="1.0" encoding="UTF-8"?>
<!-- Generated by org.testng.reporters.JUnitReportReporter -->
<testsuite hostname="DESKTOP-JE2TPP7" failures="0" tests="1" name="TestNG.Ex5_TestNGKeyword4_timeouts" time="3.045" errors="0" timestamp="2023-06-09T23:41:28 IST" skipped="0">
  <testcase classname="TestNG.Ex5_TestNGKeyword4_timeouts" name="TC1" time="3.045"/>
  <system-out>
    <![CDATA[Running TC1 Test cae]]>
  </system-out>
</testsuite> <!-- TestNG.Ex5_TestNGKeyword4_timeouts -->
