<?xml version="1.0" encoding="UTF-8"?>
<!-- Generated by org.testng.reporters.JUnitReportReporter -->
<testsuite hostname="DESKTOP-JE2TPP7" failures="0" tests="3" name="TestNG.Ex6_Sample1" time="0.009" errors="0" timestamp="2023-07-19T15:46:35 IST" skipped="0">
  <testcase classname="TestNG.Ex6_Sample1" name="TC3" time="0.002"/>
  <system-out>
    <![CDATA[Running TC3]]>
  </system-out>
  <testcase classname="TestNG.Ex6_Sample1" name="TC1" time="0.006"/>
  <system-out>
    <![CDATA[Running TC1]]>
  </system-out>
  <testcase classname="TestNG.Ex6_Sample1" name="TC2" time="0.001"/>
  <system-out>
    <![CDATA[Running TC2]]>
  </system-out>
</testsuite> <!-- TestNG.Ex6_Sample1 -->
