<?xml version="1.0" encoding="UTF-8"?>
<!-- Generated by org.testng.reporters.JUnitReportReporter -->
<testsuite hostname="DESKTOP-JE2TPP7" failures="0" tests="3" name="TestNG_Practice2.Ex1_emailableReport" time="0.046" errors="0" timestamp="2023-06-24T18:16:02 IST" skipped="0">
  <testcase classname="TestNG_Practice2.Ex1_emailableReport" name="TC1" time="0.010"/>
  <system-out>
    <![CDATA[running TC1]]>
  </system-out>
  <testcase classname="TestNG_Practice2.Ex1_emailableReport" name="TC2" time="0.031"/>
  <system-out>
    <![CDATA[running TC2]]>
  </system-out>
  <testcase classname="TestNG_Practice2.Ex1_emailableReport" name="TC3" time="0.005"/>
  <system-out>
    <![CDATA[running TC3]]>
  </system-out>
</testsuite> <!-- TestNG_Practice2.Ex1_emailableReport -->
