<?xml version="1.0" encoding="UTF-8"?>
<!-- Generated by org.testng.reporters.JUnitReportReporter -->
<testsuite hostname="DESKTOP-JE2TPP7" failures="0" tests="1" name="Practice1_POM_DDF_TestNG.PBLoginTest11" time="12.802" errors="0" timestamp="2023-06-21T15:47:30 IST" skipped="0">
  <testcase classname="Practice1_POM_DDF_TestNG.PBLoginTest11" name="verifyFullName" time="12.802"/>
  <system-out/>
</testsuite> <!-- Practice1_POM_DDF_TestNG.PBLoginTest11 -->
