<?xml version="1.0" encoding="UTF-8"?>
<!-- Generated by org.testng.reporters.JUnitReportReporter -->
<testsuite hostname="DESKTOP-JE2TPP7" failures="0" tests="4" name="TestNG.Ex5_TestNGKeyword3_priority2" time="0.011" errors="0" timestamp="2023-07-19T15:42:15 IST" skipped="0">
  <testcase classname="TestNG.Ex5_TestNGKeyword3_priority2" name="TC1" time="0.008"/>
  <system-out>
    <![CDATA[Running TC1 Test case]]>
  </system-out>
  <testcase classname="TestNG.Ex5_TestNGKeyword3_priority2" name="TC2" time="0.001"/>
  <system-out>
    <![CDATA[Running TC2 Test case]]>
  </system-out>
  <testcase classname="TestNG.Ex5_TestNGKeyword3_priority2" name="TC3" time="0.001"/>
  <system-out>
    <![CDATA[Running TC3 Test case]]>
  </system-out>
  <testcase classname="TestNG.Ex5_TestNGKeyword3_priority2" name="TC4" time="0.001"/>
  <system-out>
    <![CDATA[Running TC4 Test case]]>
  </system-out>
</testsuite> <!-- TestNG.Ex5_TestNGKeyword3_priority2 -->
