<?xml version="1.0" encoding="UTF-8"?>
<!-- Generated by org.testng.reporters.JUnitReportReporter -->
<testsuite hostname="DESKTOP-JE2TPP7" failures="0" tests="7" name="TestNG_Practice2.Ex3_keyword1_invocationCount" time="0.017" errors="0" timestamp="2023-06-24T18:25:37 IST" skipped="0">
  <testcase classname="TestNG_Practice2.Ex3_keyword1_invocationCount" name="TC3" time="0.001"/>
  <system-out>
    <![CDATA[running TC3]]>
  </system-out>
  <testcase classname="TestNG_Practice2.Ex3_keyword1_invocationCount" name="TC3" time="0.002"/>
  <system-out>
    <![CDATA[running TC3]]>
  </system-out>
  <testcase classname="TestNG_Practice2.Ex3_keyword1_invocationCount" name="TC3" time="0.002"/>
  <system-out>
    <![CDATA[running TC3]]>
  </system-out>
  <testcase classname="TestNG_Practice2.Ex3_keyword1_invocationCount" name="TC2" time="0.002"/>
  <system-out>
    <![CDATA[running TC2]]>
  </system-out>
  <testcase classname="TestNG_Practice2.Ex3_keyword1_invocationCount" name="TC3" time="0.001"/>
  <system-out>
    <![CDATA[running TC3]]>
  </system-out>
  <testcase classname="TestNG_Practice2.Ex3_keyword1_invocationCount" name="TC1" time="0.008"/>
  <system-out>
    <![CDATA[running TC1]]>
  </system-out>
  <testcase classname="TestNG_Practice2.Ex3_keyword1_invocationCount" name="TC3" time="0.001"/>
  <system-out>
    <![CDATA[running TC3]]>
  </system-out>
</testsuite> <!-- TestNG_Practice2.Ex3_keyword1_invocationCount -->
