<?xml version="1.0" encoding="UTF-8"?>
<!-- Generated by org.testng.reporters.JUnitReportReporter -->
<testsuite hostname="DESKTOP-JE2TPP7" failures="0" tests="2" name="TestNG_Practice2.Ex11_crossBrowserTesting" time="15.898" errors="0" timestamp="2023-06-25T15:58:46 IST" skipped="0">
  <testcase classname="TestNG_Practice2.Ex11_crossBrowserTesting" name="TC1" time="8.696"/>
  <system-out/>
  <testcase classname="TestNG_Practice2.Ex11_crossBrowserTesting" name="TC1" time="7.202"/>
  <system-out/>
</testsuite> <!-- TestNG_Practice2.Ex11_crossBrowserTesting -->
