<?xml version="1.0" encoding="UTF-8"?>
<!-- Generated by org.testng.reporters.JUnitReportReporter -->
<testsuite hostname="DESKTOP-JE2TPP7" failures="0" tests="2" name="TestNG_practice.Sample2_Annotations" time="0.009" errors="0" timestamp="2023-06-10T15:10:08 IST" skipped="0">
  <testcase classname="TestNG_practice.Sample2_Annotations" name="TC1" time="0.006"/>
  <system-out>
    <![CDATA[Running TC1]]>
  </system-out>
  <testcase classname="TestNG_practice.Sample2_Annotations" name="TC2" time="0.003"/>
  <system-out>
    <![CDATA[Running TC2]]>
  </system-out>
</testsuite> <!-- TestNG_practice.Sample2_Annotations -->
