<?xml version="1.0" encoding="UTF-8"?>
<!-- Generated by org.testng.reporters.JUnitReportReporter -->
<testsuite hostname="DESKTOP-JE2TPP7" failures="0" tests="3" name="TestNG.Ex5_TestNGKeyword2_EnableFalse" time="0.010" errors="0" timestamp="2023-07-19T15:39:07 IST" skipped="1">
  <testcase classname="TestNG.Ex5_TestNGKeyword2_EnableFalse" name="TC1" time="0.009"/>
  <system-out>
    <![CDATA[Running TC1 Test case]]>
  </system-out>
  <testcase classname="TestNG.Ex5_TestNGKeyword2_EnableFalse" name="TC2" time="0.001"/>
  <system-out>
    <![CDATA[Running TC2 Test case]]>
  </system-out>
  <testcase classname="TestNG.Ex5_TestNGKeyword2_EnableFalse" name="TC3">
    <skipped/>
  </testcase> <!-- TC3 -->
  <system-out/>
</testsuite> <!-- TestNG.Ex5_TestNGKeyword2_EnableFalse -->
