<?xml version="1.0" encoding="UTF-8"?>
<!-- Generated by org.testng.reporters.JUnitReportReporter -->
<testsuite hostname="DESKTOP-JE2TPP7" failures="0" tests="1" name="TestNG.Ex12_parellel1" time="9.067" errors="0" timestamp="2023-07-19T16:53:49 IST" skipped="0">
  <testcase classname="TestNG.Ex12_parellel1" name="OpenFacebookApp" time="9.067"/>
  <system-out/>
</testsuite> <!-- TestNG.Ex12_parellel1 -->
