<?xml version="1.0" encoding="UTF-8"?>
<!-- Generated by org.testng.reporters.JUnitReportReporter -->
<testsuite hostname="DESKTOP-JE2TPP7" failures="0" tests="1" name="Practice_POM_DDF_TestNG_BaseUtilityClass.PBLoginTest11" time="11.970" errors="0" timestamp="2023-06-21T12:28:38 IST" skipped="0">
  <testcase classname="Practice_POM_DDF_TestNG_BaseUtilityClass.PBLoginTest11" name="VerifyFullName" time="11.970"/>
  <system-out/>
</testsuite> <!-- Practice_POM_DDF_TestNG_BaseUtilityClass.PBLoginTest11 -->
