<?xml version="1.0" encoding="UTF-8"?>
<!-- Generated by org.testng.reporters.JUnitReportReporter -->
<testsuite hostname="DESKTOP-JE2TPP7" failures="0" tests="2" name="TestNG_practice.Ex4_TestNGAnnotations" time="0.010" errors="0" timestamp="2023-06-07T14:40:18 IST" skipped="0">
  <testcase classname="TestNG_practice.Ex4_TestNGAnnotations" name="VerifyFullName1" time="0.005"/>
  <system-out>
    <![CDATA[Running TC1 test case]]>
  </system-out>
  <testcase classname="TestNG_practice.Ex4_TestNGAnnotations" name="VerifyFullName2" time="0.005"/>
  <system-out>
    <![CDATA[Running TC2 test case]]>
  </system-out>
</testsuite> <!-- TestNG_practice.Ex4_TestNGAnnotations -->
