<?xml version="1.0" encoding="UTF-8"?>
<!-- Generated by org.testng.reporters.JUnitReportReporter -->
<testsuite hostname="DESKTOP-JE2TPP7" failures="0" tests="3" name="TestNG.Ex6_Sample2" time="0.010" errors="0" timestamp="2023-06-09T23:56:12 IST" skipped="0">
  <testcase classname="TestNG.Ex6_Sample2" name="TC6" time="0.001"/>
  <system-out>
    <![CDATA[Running TC6]]>
  </system-out>
  <testcase classname="TestNG.Ex6_Sample2" name="TC5" time="0.001"/>
  <system-out>
    <![CDATA[Running TC5]]>
  </system-out>
  <testcase classname="TestNG.Ex6_Sample2" name="TC4" time="0.008"/>
  <system-out>
    <![CDATA[Running TC4]]>
  </system-out>
</testsuite> <!-- TestNG.Ex6_Sample2 -->
