<?xml version="1.0" encoding="UTF-8"?>
<!-- Generated by org.testng.reporters.JUnitReportReporter -->
<testsuite hostname="DESKTOP-JE2TPP7" failures="0" tests="3" name="TestNG.Ex2_TestNGKeyword2_EnableFalse" time="0.010" errors="0" timestamp="2023-06-06T23:04:39 IST" skipped="1">
  <testcase classname="TestNG.Ex2_TestNGKeyword2_EnableFalse" name="TC1" time="0.008"/>
  <system-out>
    <![CDATA[Running TC1 Test case]]>
  </system-out>
  <testcase classname="TestNG.Ex2_TestNGKeyword2_EnableFalse" name="TC2" time="0.002"/>
  <system-out>
    <![CDATA[Running TC2 Test case]]>
  </system-out>
  <testcase classname="TestNG.Ex2_TestNGKeyword2_EnableFalse" name="TC3">
    <skipped/>
  </testcase> <!-- TC3 -->
  <system-out/>
</testsuite> <!-- TestNG.Ex2_TestNGKeyword2_EnableFalse -->
