<?xml version="1.0" encoding="UTF-8"?>
<!-- Generated by org.testng.reporters.JUnitReportReporter -->
<testsuite hostname="DESKTOP-JE2TPP7" failures="0" tests="1" name="TestNG.Ex12_parellel2" time="9.839" errors="0" timestamp="2023-06-16T00:17:42 IST" skipped="0">
  <testcase classname="TestNG.Ex12_parellel2" name="OpenFacebookApp" time="9.839"/>
  <system-out/>
</testsuite> <!-- TestNG.Ex12_parellel2 -->
